\BOOKMARK [1][-]{section*.1}{Eidesstattliche Erkl\344rung}{}% 1
\BOOKMARK [1][-]{section*.2}{Danksagungen}{}% 2
\BOOKMARK [0][-]{chapter.1}{Einleitung}{}% 3
\BOOKMARK [0][-]{chapter.2}{Werkstoffpr\374fung}{}% 4
\BOOKMARK [1][-]{section.2.1}{Non-Destructive Testing auf Deutsch Werkstoffpr\374fung}{chapter.2}% 5
\BOOKMARK [1][-]{section.2.2}{RT Durchstrahlungspr\374fung}{chapter.2}% 6
\BOOKMARK [2][-]{subsection.2.2.1}{Anwendung}{section.2.2}% 7
\BOOKMARK [2][-]{subsection.2.2.2}{Eigenschaften}{section.2.2}% 8
\BOOKMARK [2][-]{subsection.2.2.3}{Erzeugung der Strahlen}{section.2.2}% 9
\BOOKMARK [2][-]{subsection.2.2.4}{Nachweism\366glichkeiten von Fehlern mit RT 2.2}{section.2.2}% 10
\BOOKMARK [2][-]{subsection.2.2.5}{Art der durchdringenden Strahlung}{section.2.2}% 11
\BOOKMARK [2][-]{subsection.2.2.6}{R\366ntgenstrahlung}{section.2.2}% 12
\BOOKMARK [2][-]{subsection.2.2.7}{Gammastrahlung}{section.2.2}% 13
\BOOKMARK [2][-]{subsection.2.2.8}{Aktivit\344t von Radionukliden}{section.2.2}% 14
\BOOKMARK [2][-]{subsection.2.2.9}{Isotopenabfallrate \(Halbwertszeit\)}{section.2.2}% 15
\BOOKMARK [2][-]{subsection.2.2.10}{Halbwertsschicht}{section.2.2}% 16
\BOOKMARK [2][-]{subsection.2.2.11}{Ionisation}{section.2.2}% 17
\BOOKMARK [2][-]{subsection.2.2.12}{Newtons umgekehrtes quadratisches Gesetz f\374r die Intensit\344t}{section.2.2}% 18
\BOOKMARK [2][-]{subsection.2.2.13}{Wechselwirkung zwischen eindringender Strahlung und Materie}{section.2.2}% 19
\BOOKMARK [0][-]{chapter.3}{Stand der Technik}{}% 20
\BOOKMARK [1][-]{section.3.1}{RT Technik}{chapter.3}% 21
\BOOKMARK [2][-]{subsection.3.1.1}{Geometrische Unsch\344rfe}{section.3.1}% 22
\BOOKMARK [1][-]{section.3.2}{Sekund\344re Strahlung und Unterschnittkontrolle}{chapter.3}% 23
\BOOKMARK [2][-]{subsection.3.2.1}{Sekund\344re Strahlung}{section.3.2}% 24
\BOOKMARK [2][-]{subsection.3.2.2}{Unterschnitt}{section.3.2}% 25
\BOOKMARK [1][-]{section.3.3}{Filter in der Radiographie}{chapter.3}% 26
\BOOKMARK [2][-]{subsection.3.3.1}{X-Ray}{section.3.3}% 27
\BOOKMARK [2][-]{subsection.3.3.2}{Gamma}{section.3.3}% 28
\BOOKMARK [2][-]{subsection.3.3.3}{RT-Ressourcen}{section.3.3}% 29
\BOOKMARK [0][-]{chapter.4}{Sicherheit}{}% 30
\BOOKMARK [1][-]{section.4.1}{Halbwertschicht \(Abschirmung\)}{chapter.4}% 31
\BOOKMARK [1][-]{section.4.2}{Strahlenbelastung kontrollieren}{chapter.4}% 32
\BOOKMARK [2][-]{subsection.4.2.1}{Zeit}{section.4.2}% 33
\BOOKMARK [2][-]{subsection.4.2.2}{Entfernung}{section.4.2}% 34
\BOOKMARK [2][-]{subsection.4.2.3}{Abschirmung}{section.4.2}% 35
\BOOKMARK [1][-]{section.4.3}{Sicherheitskontrollen}{chapter.4}% 36
\BOOKMARK [2][-]{subsection.4.3.1}{Engineered Kontrollen}{section.4.3}% 37
\BOOKMARK [2][-]{subsection.4.3.2}{Verwaltungskontrollen}{section.4.3}% 38
\BOOKMARK [2][-]{subsection.4.3.3}{Strahlenschutzbereiche}{section.4.3}% 39
\BOOKMARK [1][-]{section.4.4}{Verantwortlichkeiten}{chapter.4}% 40
\BOOKMARK [2][-]{subsection.4.4.1}{Strahlenschutzbeauftragter \040Radiation Safety Officer \(RSO\)/ Health Physics Safety \(HPS\)}{section.4.4}% 41
\BOOKMARK [2][-]{subsection.4.4.2}{Strahlenschutzausschuss "Radiation Safety Committee"\(RSC\)}{section.4.4}% 42
\BOOKMARK [2][-]{subsection.4.4.3}{Systembenutzer}{section.4.4}% 43
\BOOKMARK [2][-]{subsection.4.4.4}{Verfahren}{section.4.4}% 44
\BOOKMARK [2][-]{subsection.4.4.5}{Umfragetechnik}{section.4.4}% 45
\BOOKMARK [2][-]{subsection.4.4.6}{Strahlungsdetektoren}{section.4.4}% 46
\BOOKMARK [2][-]{subsection.4.4.7}{Messger\344te}{section.4.4}% 47
\BOOKMARK [0][-]{chapter.5}{Software}{}% 48
\BOOKMARK [1][-]{section.5.1}{Anforderungen und Programmaufbau}{chapter.5}% 49
\BOOKMARK [2][-]{subsection.5.1.1}{Kurze Beschreibung}{section.5.1}% 50
\BOOKMARK [1][-]{section.5.2}{Anforderungen und die Spezifikation}{chapter.5}% 51
\BOOKMARK [2][-]{subsection.5.2.1}{SBT-Server}{section.5.2}% 52
\BOOKMARK [2][-]{subsection.5.2.2}{Android-Client}{section.5.2}% 53
\BOOKMARK [0][-]{chapter.6}{Android Bilder}{}% 54
\BOOKMARK [1][-]{section.6.1}{Android Bilder}{chapter.6}% 55
\BOOKMARK [0][-]{chapter.7}{UML Graphen}{}% 56
\BOOKMARK [1][-]{subsection.7.0.1}{Model}{chapter.7}% 57
\BOOKMARK [0][-]{chapter.8}{Diskussion}{}% 58
\BOOKMARK [1][-]{section.8.1}{Zusammenfassung}{chapter.8}% 59
\BOOKMARK [1][-]{section.8.2}{Quellen}{chapter.8}% 60
